Wed Mar 27 10:10:45 STD 2019
~~~~~~~~~~~ modele cinq ~~~~~~~~~~~~~
Bin/initialisation: 27: Bin/initialisation: HInit: Exec format error
~~~~~~~~~~~ modele deux ~~~~~~~~~~~~~
Bin/initialisation: 27: Bin/initialisation: HInit: Exec format error
~~~~~~~~~~~ modele huit ~~~~~~~~~~~~~
Bin/initialisation: 27: Bin/initialisation: HInit: Exec format error
~~~~~~~~~~~ modele moins ~~~~~~~~~~~~~
Bin/initialisation: 27: Bin/initialisation: HInit: Exec format error
~~~~~~~~~~~ modele neuf ~~~~~~~~~~~~~
Bin/initialisation: 27: Bin/initialisation: HInit: Exec format error
~~~~~~~~~~~ modele plus ~~~~~~~~~~~~~
Bin/initialisation: 27: Bin/initialisation: HInit: Exec format error
~~~~~~~~~~~ modele quatre ~~~~~~~~~~~~~
Bin/initialisation: 27: Bin/initialisation: HInit: Exec format error
~~~~~~~~~~~ modele sept ~~~~~~~~~~~~~
Bin/initialisation: 27: Bin/initialisation: HInit: Exec format error
~~~~~~~~~~~ modele six ~~~~~~~~~~~~~
Bin/initialisation: 27: Bin/initialisation: HInit: Exec format error
~~~~~~~~~~~ modele trois ~~~~~~~~~~~~~
Bin/initialisation: 27: Bin/initialisation: HInit: Exec format error
~~~~~~~~~~~ modele un ~~~~~~~~~~~~~
Bin/initialisation: 27: Bin/initialisation: HInit: Exec format error
~~~~~~~~~~~ modele zero ~~~~~~~~~~~~~
Bin/initialisation: 27: Bin/initialisation: HInit: Exec format error
Wed Mar 27 10:10:46 STD 2019
